<?xml version="1.0" encoding="UTF-8"?>
<testng-results ignored="0" total="7" passed="7" failed="0" skipped="0">
  <reporter-output>
  </reporter-output>
  <suite started-at="2023-11-06T00:28:19 BDT" name="Suite" finished-at="2023-11-06T00:29:15 BDT" duration-ms="55534">
    <groups>
    </groups>
    <test started-at="2023-11-06T00:28:19 BDT" name="Test" finished-at="2023-11-06T00:29:15 BDT" duration-ms="55534">
      <class name="testCases.TC01Login">
        <test-method is-config="true" signature="setDriver()[pri:0, instance:testCases.TC01Login@312aa7c]" started-at="2023-11-06T00:28:08 BDT" name="setDriver" finished-at="2023-11-06T00:28:19 BDT" duration-ms="11426" status="PASS">
          <reporter-output>
          </reporter-output>
        </test-method> <!-- setDriver -->
        <test-method signature="Login(java.lang.String,java.lang.String)[pri:1, instance:testCases.TC01Login@312aa7c]" started-at="2023-11-06T00:28:20 BDT" name="Login" data-provider="dataset" finished-at="2023-11-06T00:28:33 BDT" duration-ms="13711" status="PASS">
          <params>
            <param index="0">
              <value>
                <![CDATA[kafi]]>
              </value>
            </param>
            <param index="1">
              <value>
                <![CDATA[1234]]>
              </value>
            </param>
          </params>
          <reporter-output>
          </reporter-output>
        </test-method> <!-- Login -->
        <test-method is-config="true" signature="close()[pri:0, instance:testCases.TC01Login@312aa7c]" started-at="2023-11-06T00:29:15 BDT" name="close" finished-at="2023-11-06T00:29:15 BDT" duration-ms="1" status="PASS">
          <reporter-output>
          </reporter-output>
        </test-method> <!-- close -->
      </class> <!-- testCases.TC01Login -->
      <class name="testCases.TC03Logout">
        <test-method signature="Logout()[pri:7, instance:testCases.TC03Logout@4f32a3ad]" started-at="2023-11-06T00:29:01 BDT" name="Logout" finished-at="2023-11-06T00:29:15 BDT" duration-ms="14275" status="PASS">
          <reporter-output>
          </reporter-output>
        </test-method> <!-- Logout -->
      </class> <!-- testCases.TC03Logout -->
      <class name="testCases.TC02Organization">
        <test-method signature="addNewOrganization(java.lang.String,java.lang.String,java.lang.String,java.lang.String)[pri:2, instance:testCases.TC02Organization@71075444]" started-at="2023-11-06T00:28:33 BDT" name="addNewOrganization" data-provider="dataset_organization" finished-at="2023-11-06T00:28:42 BDT" duration-ms="8486" status="PASS">
          <params>
            <param index="0">
              <value>
                <![CDATA[biznovelty]]>
              </value>
            </param>
            <param index="1">
              <value>
                <![CDATA[Anjoom Nur]]>
              </value>
            </param>
            <param index="2">
              <value>
                <![CDATA[1234]]>
              </value>
            </param>
            <param index="3">
              <value>
                <![CDATA[anjoom@biznovelty.com]]>
              </value>
            </param>
          </params>
          <reporter-output>
          </reporter-output>
        </test-method> <!-- addNewOrganization -->
        <test-method signature="editNewOrganization(java.lang.String)[pri:3, instance:testCases.TC02Organization@71075444]" started-at="2023-11-06T00:28:42 BDT" name="editNewOrganization" data-provider="edit_organization" finished-at="2023-11-06T00:28:49 BDT" duration-ms="6833" status="PASS">
          <params>
            <param index="0">
              <value>
                <![CDATA[Mirpur-Dohs]]>
              </value>
            </param>
          </params>
          <reporter-output>
          </reporter-output>
        </test-method> <!-- editNewOrganization -->
        <test-method signature="searchOrganization(java.lang.String)[pri:4, instance:testCases.TC02Organization@71075444]" started-at="2023-11-06T00:28:49 BDT" name="searchOrganization" data-provider="search_organization" finished-at="2023-11-06T00:28:50 BDT" duration-ms="1300" status="PASS">
          <params>
            <param index="0">
              <value>
                <![CDATA[q]]>
              </value>
            </param>
          </params>
          <reporter-output>
          </reporter-output>
        </test-method> <!-- searchOrganization -->
        <test-method signature="searchOrganization(java.lang.String)[pri:4, instance:testCases.TC02Organization@71075444]" started-at="2023-11-06T00:28:50 BDT" name="searchOrganization" data-provider="search_organization" finished-at="2023-11-06T00:28:51 BDT" duration-ms="1397" status="PASS">
          <params>
            <param index="0">
              <value>
                <![CDATA[biz]]>
              </value>
            </param>
          </params>
          <reporter-output>
          </reporter-output>
        </test-method> <!-- searchOrganization -->
        <test-method signature="deleteOrganization()[pri:5, instance:testCases.TC02Organization@71075444]" started-at="2023-11-06T00:28:51 BDT" name="deleteOrganization" finished-at="2023-11-06T00:29:01 BDT" duration-ms="9300" status="PASS">
          <reporter-output>
          </reporter-output>
        </test-method> <!-- deleteOrganization -->
      </class> <!-- testCases.TC02Organization -->
    </test> <!-- Test -->
  </suite> <!-- Suite -->
</testng-results>
