<?xml version="1.0" encoding="UTF-8"?>
<!-- Generated by org.testng.reporters.JUnitXMLReporter -->
<testsuite ignored="4" hostname="DESKTOP-AQA9Q3B" failures="0" tests="7" name="Test" time="55.534" errors="0" timestamp="2023-11-06T00:29:15 BDT">
  <testcase classname="testCases.TC01Login" name="Login" time="13.711"/>
  <testcase classname="testCases.TC02Organization" name="addNewOrganization" time="8.486"/>
  <testcase classname="testCases.TC02Organization" name="editNewOrganization" time="6.833"/>
  <testcase classname="testCases.TC02Organization" name="searchOrganization" time="1.3"/>
  <testcase classname="testCases.TC02Organization" name="searchOrganization" time="1.397"/>
  <testcase classname="testCases.TC02Organization" name="deleteOrganization" time="9.3"/>
  <testcase classname="testCases.TC03Logout" name="Logout" time="14.275"/>
  <testcase classname="baseConfig.LimsLogin" name="@BeforeSuite setDriver" time="0.0">
    <ignored/>
  </testcase> <!-- @BeforeSuite setDriver -->
  <testcase classname="baseConfig.LimsLogin" name="@AfterSuite close" time="0.0">
    <ignored/>
  </testcase> <!-- @AfterSuite close -->
  <testcase classname="baseConfig.LimsLogin" name="@AfterSuite close" time="0.0">
    <ignored/>
  </testcase> <!-- @AfterSuite close -->
  <testcase classname="baseConfig.LimsLogin" name="@BeforeSuite setDriver" time="0.0">
    <ignored/>
  </testcase> <!-- @BeforeSuite setDriver -->
</testsuite> <!-- Test -->
